[debug] [2023-01-25T20:37:15.779Z] ----------------------------------------------------------------------
[debug] [2023-01-25T20:37:15.781Z] Command:       /usr/local/bin/node /usr/local/bin/firebase deploy
[debug] [2023-01-25T20:37:15.782Z] CLI Version:   11.21.0
[debug] [2023-01-25T20:37:15.782Z] Platform:      darwin
[debug] [2023-01-25T20:37:15.782Z] Node Version:  v16.15.0
[debug] [2023-01-25T20:37:15.783Z] Time:          Wed Jan 25 2023 21:37:15 GMT+0100 (Central European Standard Time)
[debug] [2023-01-25T20:37:15.784Z] ----------------------------------------------------------------------
[debug] 
[debug] [2023-01-25T20:37:15.848Z] > command requires scopes: ["email","openid","https://www.googleapis.com/auth/cloudplatformprojects.readonly","https://www.googleapis.com/auth/firebase","https://www.googleapis.com/auth/cloud-platform"]
[debug] [2023-01-25T20:37:15.848Z] > authorizing via signed-in user (guillaume.gustin.9@gmail.com)
[debug] [2023-01-25T20:37:15.849Z] [iam] checking project my-tapio-assignment for permissions ["firebase.projects.get","firebasehosting.sites.update"]
[debug] [2023-01-25T20:37:15.850Z] > refreshing access token with scopes: []
[debug] [2023-01-25T20:37:15.853Z] >>> [apiv2][query] POST https://www.googleapis.com/oauth2/v3/token [none]
[debug] [2023-01-25T20:37:15.853Z] >>> [apiv2][body] POST https://www.googleapis.com/oauth2/v3/token [omitted]
[debug] [2023-01-25T20:37:16.021Z] <<< [apiv2][status] POST https://www.googleapis.com/oauth2/v3/token 200
[debug] [2023-01-25T20:37:16.021Z] <<< [apiv2][body] POST https://www.googleapis.com/oauth2/v3/token [omitted]
[debug] [2023-01-25T20:37:16.034Z] >>> [apiv2][query] POST https://cloudresourcemanager.googleapis.com/v1/projects/my-tapio-assignment:testIamPermissions [none]
[debug] [2023-01-25T20:37:16.034Z] >>> [apiv2][(partial)header] POST https://cloudresourcemanager.googleapis.com/v1/projects/my-tapio-assignment:testIamPermissions x-goog-quota-user=projects/my-tapio-assignment
[debug] [2023-01-25T20:37:16.034Z] >>> [apiv2][body] POST https://cloudresourcemanager.googleapis.com/v1/projects/my-tapio-assignment:testIamPermissions {"permissions":["firebase.projects.get","firebasehosting.sites.update"]}
[debug] [2023-01-25T20:37:16.735Z] <<< [apiv2][status] POST https://cloudresourcemanager.googleapis.com/v1/projects/my-tapio-assignment:testIamPermissions 200
[debug] [2023-01-25T20:37:16.735Z] <<< [apiv2][body] POST https://cloudresourcemanager.googleapis.com/v1/projects/my-tapio-assignment:testIamPermissions {"permissions":["firebase.projects.get","firebasehosting.sites.update"]}
[debug] [2023-01-25T20:37:16.736Z] >>> [apiv2][query] GET https://firebase.googleapis.com/v1beta1/projects/my-tapio-assignment [none]
[debug] [2023-01-25T20:37:17.042Z] <<< [apiv2][status] GET https://firebase.googleapis.com/v1beta1/projects/my-tapio-assignment 200
[debug] [2023-01-25T20:37:17.042Z] <<< [apiv2][body] GET https://firebase.googleapis.com/v1beta1/projects/my-tapio-assignment {"projectId":"my-tapio-assignment","projectNumber":"53061974198","displayName":"My Tapio Assignment ","name":"projects/my-tapio-assignment","resources":{"hostingSite":"my-tapio-assignment"},"state":"ACTIVE","etag":"1_be172a30-3e9e-4b1a-b972-874a2a84fe53"}
[info] 
[info] === Deploying to 'my-tapio-assignment'...
[info] 
[info] i  deploying hosting 
[debug] [2023-01-25T20:37:17.048Z] >>> [apiv2][query] POST https://firebasehosting.googleapis.com/v1beta1/projects/-/sites/my-tapio-assignment/versions [none]
[debug] [2023-01-25T20:37:17.048Z] >>> [apiv2][body] POST https://firebasehosting.googleapis.com/v1beta1/projects/-/sites/my-tapio-assignment/versions {"status":"CREATED","labels":{"deployment-tool":"cli-firebase"}}
[debug] [2023-01-25T20:37:18.170Z] <<< [apiv2][status] POST https://firebasehosting.googleapis.com/v1beta1/projects/-/sites/my-tapio-assignment/versions 200
[debug] [2023-01-25T20:37:18.170Z] <<< [apiv2][body] POST https://firebasehosting.googleapis.com/v1beta1/projects/-/sites/my-tapio-assignment/versions {"name":"projects/53061974198/sites/my-tapio-assignment/versions/1cf98989802ba975","status":"CREATED","config":{},"labels":{"deployment-tool":"cli-firebase"}}
[info] i  hosting[my-tapio-assignment]: beginning deploy... 
[info] i  hosting[my-tapio-assignment]: found 17 files in build 
[debug] [2023-01-25T20:37:18.180Z] [hosting] uploading with 200 concurrency
[debug] [2023-01-25T20:37:19.746Z] [hosting] hash cache [YnVpbGQ] stored for 17 files
[debug] [2023-01-25T20:37:19.746Z] [hosting][hash queue][FINAL] {"max":1557,"min":18,"avg":240.11764705882354,"active":0,"complete":17,"success":17,"errored":0,"retried":0,"total":17,"elapsed":1563}
[debug] [2023-01-25T20:37:19.746Z] >>> [apiv2][query] POST https://firebasehosting.googleapis.com/v1beta1/projects/53061974198/sites/my-tapio-assignment/versions/1cf98989802ba975:populateFiles [none]
[debug] [2023-01-25T20:37:19.746Z] >>> [apiv2][body] POST https://firebasehosting.googleapis.com/v1beta1/projects/53061974198/sites/my-tapio-assignment/versions/1cf98989802ba975:populateFiles {"files":{"/asset-manifest.json":"43f29daee7c2fbd605b3ea31952ecc77b3b8e0da206622e125b99a7cedeb0c0a","/index.html":"89974027a406ba63bf5198017b55ff6533aa2c5c6e27e764ff601f1355135b1f","/favicon.ico":"b72f7455f00e4e58792d2bca892abb068e2213838c0316d6b7a0d6d16acd1955","/precache-manifest.d665a68735da480d527a0b671391abc2.js":"e3d67c8654b950437731be3bbc68271cf214e76157a8df7d9c4e04694866b6cb","/manifest.json":"341d52628782f8ac9290bbfc43298afccb47b7cbfcee146ae30cf0f46bc30900","/robots.txt":"391d14b3c2f8c9143a27a28c7399585142228d4d1bdbe2c87ac946de411fa9a2","/service-worker.js":"01f9040f145b7b040890f318391165813e57daa20aa91aa743ece69a62364e0d","/logo192.png":"caff018b7f1e8fd481eb1c50d75b0ef236bcd5078b1d15c8bb348453fee30293","/logo512.png":"191fc21360b4ccfb1cda11a1efb97f489ed22672ca83f4064316802bbfdd750e","/static/js/main.0e7d4dea.chunk.js":"fcee9e5be349162396539b1a495659c9b1b9cce9ec2227677cf4a5b8b9ec4d18","/static/js/runtime~main.a8a9905a.js":"e1af5f94fdd13901b2e433d0d7607e27c01458151c35b1fe4b7feda2a32b7aa9","/static/js/runtime~main.a8a9905a.js.map":"c337bf8b58896da637a6e50ab8cfc779eb1ec42c55f8ec429030a03454a549db","/static/js/main.0e7d4dea.chunk.js.map":"f0181f7a79ddc32398d761f4914abc0f71e3b501f544dd9061caad54494c999d","/static/js/2.b3cabe3c.chunk.js":"4de08e71296df91a867ea3e2b3e7453f81011e16906d1d2bb93e7a246db4cc4a","/static/css/main.4b12b74a.chunk.css":"e56c0a82e03c93c2b069f42be603dcfbdce352fb61baafb3d0c907bcd2b358e2","/static/js/2.b3cabe3c.chunk.js.map":"c83060260889a2c194d39b3554375d56d7575d06ae65e56f08bc72297e9807c9","/static/css/main.4b12b74a.chunk.css.map":"323fdd74ba9e9ef6001003573b7f04c9426b8ceb03fbdcfdb4d4ed5f33e93d04"}}
[debug] [2023-01-25T20:37:20.625Z] <<< [apiv2][status] POST https://firebasehosting.googleapis.com/v1beta1/projects/53061974198/sites/my-tapio-assignment/versions/1cf98989802ba975:populateFiles 200
[debug] [2023-01-25T20:37:20.625Z] <<< [apiv2][body] POST https://firebasehosting.googleapis.com/v1beta1/projects/53061974198/sites/my-tapio-assignment/versions/1cf98989802ba975:populateFiles {"uploadRequiredHashes":["43f29daee7c2fbd605b3ea31952ecc77b3b8e0da206622e125b99a7cedeb0c0a","e3d67c8654b950437731be3bbc68271cf214e76157a8df7d9c4e04694866b6cb","fcee9e5be349162396539b1a495659c9b1b9cce9ec2227677cf4a5b8b9ec4d18","01f9040f145b7b040890f318391165813e57daa20aa91aa743ece69a62364e0d","f0181f7a79ddc32398d761f4914abc0f71e3b501f544dd9061caad54494c999d","89974027a406ba63bf5198017b55ff6533aa2c5c6e27e764ff601f1355135b1f"],"uploadUrl":"https://upload-firebasehosting.googleapis.com/upload/sites/my-tapio-assignment/versions/1cf98989802ba975/files"}
[debug] [2023-01-25T20:37:20.627Z] >>> [apiv2][query] POST https://upload-firebasehosting.googleapis.com/upload/sites/my-tapio-assignment/versions/1cf98989802ba975/files/43f29daee7c2fbd605b3ea31952ecc77b3b8e0da206622e125b99a7cedeb0c0a [none]
[debug] [2023-01-25T20:37:20.627Z] >>> [apiv2][body] POST https://upload-firebasehosting.googleapis.com/upload/sites/my-tapio-assignment/versions/1cf98989802ba975/files/43f29daee7c2fbd605b3ea31952ecc77b3b8e0da206622e125b99a7cedeb0c0a [stream]
[debug] [2023-01-25T20:37:20.628Z] >>> [apiv2][query] POST https://upload-firebasehosting.googleapis.com/upload/sites/my-tapio-assignment/versions/1cf98989802ba975/files/e3d67c8654b950437731be3bbc68271cf214e76157a8df7d9c4e04694866b6cb [none]
[debug] [2023-01-25T20:37:20.628Z] >>> [apiv2][body] POST https://upload-firebasehosting.googleapis.com/upload/sites/my-tapio-assignment/versions/1cf98989802ba975/files/e3d67c8654b950437731be3bbc68271cf214e76157a8df7d9c4e04694866b6cb [stream]
[debug] [2023-01-25T20:37:20.629Z] >>> [apiv2][query] POST https://upload-firebasehosting.googleapis.com/upload/sites/my-tapio-assignment/versions/1cf98989802ba975/files/fcee9e5be349162396539b1a495659c9b1b9cce9ec2227677cf4a5b8b9ec4d18 [none]
[debug] [2023-01-25T20:37:20.629Z] >>> [apiv2][body] POST https://upload-firebasehosting.googleapis.com/upload/sites/my-tapio-assignment/versions/1cf98989802ba975/files/fcee9e5be349162396539b1a495659c9b1b9cce9ec2227677cf4a5b8b9ec4d18 [stream]
[debug] [2023-01-25T20:37:20.630Z] >>> [apiv2][query] POST https://upload-firebasehosting.googleapis.com/upload/sites/my-tapio-assignment/versions/1cf98989802ba975/files/01f9040f145b7b040890f318391165813e57daa20aa91aa743ece69a62364e0d [none]
[debug] [2023-01-25T20:37:20.630Z] >>> [apiv2][body] POST https://upload-firebasehosting.googleapis.com/upload/sites/my-tapio-assignment/versions/1cf98989802ba975/files/01f9040f145b7b040890f318391165813e57daa20aa91aa743ece69a62364e0d [stream]
[debug] [2023-01-25T20:37:20.631Z] >>> [apiv2][query] POST https://upload-firebasehosting.googleapis.com/upload/sites/my-tapio-assignment/versions/1cf98989802ba975/files/f0181f7a79ddc32398d761f4914abc0f71e3b501f544dd9061caad54494c999d [none]
[debug] [2023-01-25T20:37:20.631Z] >>> [apiv2][body] POST https://upload-firebasehosting.googleapis.com/upload/sites/my-tapio-assignment/versions/1cf98989802ba975/files/f0181f7a79ddc32398d761f4914abc0f71e3b501f544dd9061caad54494c999d [stream]
[debug] [2023-01-25T20:37:20.632Z] >>> [apiv2][query] POST https://upload-firebasehosting.googleapis.com/upload/sites/my-tapio-assignment/versions/1cf98989802ba975/files/89974027a406ba63bf5198017b55ff6533aa2c5c6e27e764ff601f1355135b1f [none]
[debug] [2023-01-25T20:37:20.632Z] >>> [apiv2][body] POST https://upload-firebasehosting.googleapis.com/upload/sites/my-tapio-assignment/versions/1cf98989802ba975/files/89974027a406ba63bf5198017b55ff6533aa2c5c6e27e764ff601f1355135b1f [stream]
[debug] [2023-01-25T20:37:20.633Z] [hosting][populate queue][FINAL] {"max":884,"min":884,"avg":884,"active":0,"complete":1,"success":1,"errored":0,"retried":0,"total":1,"elapsed":890}
[debug] [2023-01-25T20:37:20.633Z] [hosting] uploads queued: 6
[debug] [2023-01-25T20:37:21.649Z] <<< [apiv2][status] POST https://upload-firebasehosting.googleapis.com/upload/sites/my-tapio-assignment/versions/1cf98989802ba975/files/43f29daee7c2fbd605b3ea31952ecc77b3b8e0da206622e125b99a7cedeb0c0a 200
[debug] [2023-01-25T20:37:21.649Z] <<< [apiv2][body] POST https://upload-firebasehosting.googleapis.com/upload/sites/my-tapio-assignment/versions/1cf98989802ba975/files/43f29daee7c2fbd605b3ea31952ecc77b3b8e0da206622e125b99a7cedeb0c0a [stream]
[debug] [2023-01-25T20:37:21.651Z] <<< [apiv2][status] POST https://upload-firebasehosting.googleapis.com/upload/sites/my-tapio-assignment/versions/1cf98989802ba975/files/f0181f7a79ddc32398d761f4914abc0f71e3b501f544dd9061caad54494c999d 200
[debug] [2023-01-25T20:37:21.651Z] <<< [apiv2][body] POST https://upload-firebasehosting.googleapis.com/upload/sites/my-tapio-assignment/versions/1cf98989802ba975/files/f0181f7a79ddc32398d761f4914abc0f71e3b501f544dd9061caad54494c999d [stream]
[debug] [2023-01-25T20:37:21.754Z] <<< [apiv2][status] POST https://upload-firebasehosting.googleapis.com/upload/sites/my-tapio-assignment/versions/1cf98989802ba975/files/01f9040f145b7b040890f318391165813e57daa20aa91aa743ece69a62364e0d 200
[debug] [2023-01-25T20:37:21.754Z] <<< [apiv2][body] POST https://upload-firebasehosting.googleapis.com/upload/sites/my-tapio-assignment/versions/1cf98989802ba975/files/01f9040f145b7b040890f318391165813e57daa20aa91aa743ece69a62364e0d [stream]
[debug] [2023-01-25T20:37:21.956Z] <<< [apiv2][status] POST https://upload-firebasehosting.googleapis.com/upload/sites/my-tapio-assignment/versions/1cf98989802ba975/files/e3d67c8654b950437731be3bbc68271cf214e76157a8df7d9c4e04694866b6cb 200
[debug] [2023-01-25T20:37:21.956Z] <<< [apiv2][body] POST https://upload-firebasehosting.googleapis.com/upload/sites/my-tapio-assignment/versions/1cf98989802ba975/files/e3d67c8654b950437731be3bbc68271cf214e76157a8df7d9c4e04694866b6cb [stream]
[debug] [2023-01-25T20:37:21.958Z] <<< [apiv2][status] POST https://upload-firebasehosting.googleapis.com/upload/sites/my-tapio-assignment/versions/1cf98989802ba975/files/fcee9e5be349162396539b1a495659c9b1b9cce9ec2227677cf4a5b8b9ec4d18 200
[debug] [2023-01-25T20:37:21.958Z] <<< [apiv2][body] POST https://upload-firebasehosting.googleapis.com/upload/sites/my-tapio-assignment/versions/1cf98989802ba975/files/fcee9e5be349162396539b1a495659c9b1b9cce9ec2227677cf4a5b8b9ec4d18 [stream]
[debug] [2023-01-25T20:37:22.061Z] <<< [apiv2][status] POST https://upload-firebasehosting.googleapis.com/upload/sites/my-tapio-assignment/versions/1cf98989802ba975/files/89974027a406ba63bf5198017b55ff6533aa2c5c6e27e764ff601f1355135b1f 200
[debug] [2023-01-25T20:37:22.061Z] <<< [apiv2][body] POST https://upload-firebasehosting.googleapis.com/upload/sites/my-tapio-assignment/versions/1cf98989802ba975/files/89974027a406ba63bf5198017b55ff6533aa2c5c6e27e764ff601f1355135b1f [stream]
[debug] [2023-01-25T20:37:22.062Z] [hosting][upload queue][FINAL] {"max":1434,"min":1024,"avg":1212.1666666666667,"active":0,"complete":6,"success":6,"errored":0,"retried":0,"total":6,"elapsed":1437}
[info] ✔  hosting[my-tapio-assignment]: file upload complete 
[debug] [2023-01-25T20:37:22.063Z] [hosting] deploy completed after 3891ms
[debug] [2023-01-25T20:37:22.065Z] [
  {
    "config": {
      "public": "build",
      "ignore": [
        "firebase.json",
        "**/.*",
        "**/node_modules/**"
      ],
      "rewrites": [
        {
          "source": "**",
          "destination": "/index.html"
        }
      ],
      "site": "my-tapio-assignment"
    },
    "version": "projects/53061974198/sites/my-tapio-assignment/versions/1cf98989802ba975"
  }
]
[info] i  hosting[my-tapio-assignment]: finalizing version... 
[debug] [2023-01-25T20:37:22.067Z] >>> [apiv2][query] PATCH https://firebasehosting.googleapis.com/v1beta1/projects/-/sites/my-tapio-assignment/versions/1cf98989802ba975 updateMask=status%2Cconfig
[debug] [2023-01-25T20:37:22.067Z] >>> [apiv2][body] PATCH https://firebasehosting.googleapis.com/v1beta1/projects/-/sites/my-tapio-assignment/versions/1cf98989802ba975 {"status":"FINALIZED","config":{"rewrites":[{"glob":"**","path":"/index.html"}]}}
[debug] [2023-01-25T20:37:23.188Z] <<< [apiv2][status] PATCH https://firebasehosting.googleapis.com/v1beta1/projects/-/sites/my-tapio-assignment/versions/1cf98989802ba975 200
[debug] [2023-01-25T20:37:23.188Z] <<< [apiv2][body] PATCH https://firebasehosting.googleapis.com/v1beta1/projects/-/sites/my-tapio-assignment/versions/1cf98989802ba975 {"name":"projects/53061974198/sites/my-tapio-assignment/versions/1cf98989802ba975","status":"FINALIZED","config":{"rewrites":[{"glob":"**","path":"/index.html"}]},"labels":{"deployment-tool":"cli-firebase"},"createTime":"2023-01-25T20:37:17.780183Z","createUser":{"email":"Guillaume.Gustin.9@gmail.com"},"finalizeTime":"2023-01-25T20:37:23.019291Z","finalizeUser":{"email":"Guillaume.Gustin.9@gmail.com"}}
[debug] [2023-01-25T20:37:23.188Z] [hosting] finalized version for my-tapio-assignment:[object Object]
[info] ✔  hosting[my-tapio-assignment]: version finalized 
[info] i  hosting[my-tapio-assignment]: releasing new version... 
[debug] [2023-01-25T20:37:23.189Z] >>> [apiv2][query] POST https://firebasehosting.googleapis.com/v1beta1/projects/-/sites/my-tapio-assignment/channels/live/releases versionName=projects%2F53061974198%2Fsites%2Fmy-tapio-assignment%2Fversions%2F1cf98989802ba975
[debug] [2023-01-25T20:37:23.189Z] >>> [apiv2][body] POST https://firebasehosting.googleapis.com/v1beta1/projects/-/sites/my-tapio-assignment/channels/live/releases {}
